<?xml version="1.0" encoding="UTF-8"?>
<testsuite xmlns:xsi="http://www.w3.org/2001/XMLSchema-instance" xsi:noNamespaceSchemaLocation="https://maven.apache.org/surefire/maven-surefire-plugin/xsd/surefire-test-report.xsd" name="br.com.jaque.banco.bajax.test.ContaTest" time="0.093" tests="95" errors="0" skipped="0" failures="0">
  <properties>
    <property name="sun.desktop" value="windows"/>
    <property name="awt.toolkit" value="sun.awt.windows.WToolkit"/>
    <property name="java.specification.version" value="11"/>
    <property name="sun.cpu.isalist" value="amd64"/>
    <property name="sun.jnu.encoding" value="Cp1252"/>
    <property name="java.class.path" value="C:\Users\jaque\OneDrive\Documentos\Estudos\Workspace\Eclipse\banco.bajax\target\test-classes;C:\Users\jaque\OneDrive\Documentos\Estudos\Workspace\Eclipse\banco.bajax\target\classes;C:\Users\jaque\.m2\repository\org\junit\jupiter\junit-jupiter-api\5.8.2\junit-jupiter-api-5.8.2.jar;C:\Users\jaque\.m2\repository\org\opentest4j\opentest4j\1.2.0\opentest4j-1.2.0.jar;C:\Users\jaque\.m2\repository\org\junit\platform\junit-platform-commons\1.8.2\junit-platform-commons-1.8.2.jar;C:\Users\jaque\.m2\repository\org\apiguardian\apiguardian-api\1.1.2\apiguardian-api-1.1.2.jar;C:\Users\jaque\.m2\repository\org\junit\platform\junit-platform-suite-engine\1.8.2\junit-platform-suite-engine-1.8.2.jar;C:\Users\jaque\.m2\repository\org\junit\platform\junit-platform-engine\1.8.2\junit-platform-engine-1.8.2.jar;C:\Users\jaque\.m2\repository\org\junit\platform\junit-platform-suite-api\1.8.2\junit-platform-suite-api-1.8.2.jar;C:\Users\jaque\.m2\repository\org\junit\platform\junit-platform-suite-commons\1.8.2\junit-platform-suite-commons-1.8.2.jar;C:\Users\jaque\.m2\repository\io\cucumber\cucumber-java\7.2.3\cucumber-java-7.2.3.jar;C:\Users\jaque\.m2\repository\io\cucumber\cucumber-core\7.2.3\cucumber-core-7.2.3.jar;C:\Users\jaque\.m2\repository\io\cucumber\cucumber-gherkin\7.2.3\cucumber-gherkin-7.2.3.jar;C:\Users\jaque\.m2\repository\io\cucumber\cucumber-gherkin-messages\7.2.3\cucumber-gherkin-messages-7.2.3.jar;C:\Users\jaque\.m2\repository\io\cucumber\messages\17.1.1\messages-17.1.1.jar;C:\Users\jaque\.m2\repository\io\cucumber\tag-expressions\4.1.0\tag-expressions-4.1.0.jar;C:\Users\jaque\.m2\repository\io\cucumber\cucumber-expressions\15.0.1\cucumber-expressions-15.0.1.jar;C:\Users\jaque\.m2\repository\io\cucumber\datatable\7.2.3\datatable-7.2.3.jar;C:\Users\jaque\.m2\repository\io\cucumber\cucumber-plugin\7.2.3\cucumber-plugin-7.2.3.jar;C:\Users\jaque\.m2\repository\io\cucumber\docstring\7.2.3\docstring-7.2.3.jar;C:\Users\jaque\.m2\repository\io\cucumber\html-formatter\17.0.0\html-formatter-17.0.0.jar;C:\Users\jaque\.m2\repository\io\cucumber\ci-environment\8.1.0\ci-environment-8.1.0.jar;C:\Users\jaque\.m2\repository\io\cucumber\cucumber-junit\7.2.3\cucumber-junit-7.2.3.jar;C:\Users\jaque\.m2\repository\junit\junit\4.13.2\junit-4.13.2.jar;C:\Users\jaque\.m2\repository\org\hamcrest\hamcrest-core\1.3\hamcrest-core-1.3.jar;C:\Users\jaque\.m2\repository\org\pitest\pitest\1.7.5\pitest-1.7.5.jar;C:\Users\jaque\.m2\repository\org\junit\platform\junit-platform-surefire-provider\1.3.2\junit-platform-surefire-provider-1.3.2.jar;C:\Users\jaque\.m2\repository\org\junit\platform\junit-platform-launcher\1.3.2\junit-platform-launcher-1.3.2.jar;C:\Users\jaque\.m2\repository\org\apache\maven\surefire\surefire-api\2.22.0\surefire-api-2.22.0.jar;C:\Users\jaque\.m2\repository\org\apache\maven\surefire\surefire-logger-api\2.22.0\surefire-logger-api-2.22.0.jar;C:\Users\jaque\.m2\repository\org\apache\maven\surefire\common-java5\2.22.0\common-java5-2.22.0.jar;C:\Users\jaque\.m2\repository\org\junit\jupiter\junit-jupiter-engine\5.8.2\junit-jupiter-engine-5.8.2.jar;"/>
    <property name="java.vm.vendor" value="Azul Systems, Inc."/>
    <property name="sun.arch.data.model" value="64"/>
    <property name="user.variant" value=""/>
    <property name="java.vendor.url" value="http://www.azulsystems.com/"/>
    <property name="user.timezone" value="America/Sao_Paulo"/>
    <property name="java.vm.specification.version" value="11"/>
    <property name="os.name" value="Windows 10"/>
    <property name="sun.java.launcher" value="SUN_STANDARD"/>
    <property name="user.country" value="BR"/>
    <property name="sun.boot.library.path" value="C:\Program Files\Java\zulu11.48.21-ca-jdk11.0.11-win_x64\bin"/>
    <property name="sun.java.command" value="C:\Users\jaque\AppData\Local\Temp\surefire17315312803802892835\surefirebooter13299013939093852992.jar C:\Users\jaque\AppData\Local\Temp\surefire17315312803802892835 2022-04-17T12-35-16_528-jvmRun1 surefire5308295939176856591tmp surefire_016727264497215569489tmp"/>
    <property name="jdk.debug" value="release"/>
    <property name="surefire.test.class.path" value="C:\Users\jaque\OneDrive\Documentos\Estudos\Workspace\Eclipse\banco.bajax\target\test-classes;C:\Users\jaque\OneDrive\Documentos\Estudos\Workspace\Eclipse\banco.bajax\target\classes;C:\Users\jaque\.m2\repository\org\junit\jupiter\junit-jupiter-api\5.8.2\junit-jupiter-api-5.8.2.jar;C:\Users\jaque\.m2\repository\org\opentest4j\opentest4j\1.2.0\opentest4j-1.2.0.jar;C:\Users\jaque\.m2\repository\org\junit\platform\junit-platform-commons\1.8.2\junit-platform-commons-1.8.2.jar;C:\Users\jaque\.m2\repository\org\apiguardian\apiguardian-api\1.1.2\apiguardian-api-1.1.2.jar;C:\Users\jaque\.m2\repository\org\junit\platform\junit-platform-suite-engine\1.8.2\junit-platform-suite-engine-1.8.2.jar;C:\Users\jaque\.m2\repository\org\junit\platform\junit-platform-engine\1.8.2\junit-platform-engine-1.8.2.jar;C:\Users\jaque\.m2\repository\org\junit\platform\junit-platform-suite-api\1.8.2\junit-platform-suite-api-1.8.2.jar;C:\Users\jaque\.m2\repository\org\junit\platform\junit-platform-suite-commons\1.8.2\junit-platform-suite-commons-1.8.2.jar;C:\Users\jaque\.m2\repository\io\cucumber\cucumber-java\7.2.3\cucumber-java-7.2.3.jar;C:\Users\jaque\.m2\repository\io\cucumber\cucumber-core\7.2.3\cucumber-core-7.2.3.jar;C:\Users\jaque\.m2\repository\io\cucumber\cucumber-gherkin\7.2.3\cucumber-gherkin-7.2.3.jar;C:\Users\jaque\.m2\repository\io\cucumber\cucumber-gherkin-messages\7.2.3\cucumber-gherkin-messages-7.2.3.jar;C:\Users\jaque\.m2\repository\io\cucumber\messages\17.1.1\messages-17.1.1.jar;C:\Users\jaque\.m2\repository\io\cucumber\tag-expressions\4.1.0\tag-expressions-4.1.0.jar;C:\Users\jaque\.m2\repository\io\cucumber\cucumber-expressions\15.0.1\cucumber-expressions-15.0.1.jar;C:\Users\jaque\.m2\repository\io\cucumber\datatable\7.2.3\datatable-7.2.3.jar;C:\Users\jaque\.m2\repository\io\cucumber\cucumber-plugin\7.2.3\cucumber-plugin-7.2.3.jar;C:\Users\jaque\.m2\repository\io\cucumber\docstring\7.2.3\docstring-7.2.3.jar;C:\Users\jaque\.m2\repository\io\cucumber\html-formatter\17.0.0\html-formatter-17.0.0.jar;C:\Users\jaque\.m2\repository\io\cucumber\ci-environment\8.1.0\ci-environment-8.1.0.jar;C:\Users\jaque\.m2\repository\io\cucumber\cucumber-junit\7.2.3\cucumber-junit-7.2.3.jar;C:\Users\jaque\.m2\repository\junit\junit\4.13.2\junit-4.13.2.jar;C:\Users\jaque\.m2\repository\org\hamcrest\hamcrest-core\1.3\hamcrest-core-1.3.jar;C:\Users\jaque\.m2\repository\org\pitest\pitest\1.7.5\pitest-1.7.5.jar;C:\Users\jaque\.m2\repository\org\junit\platform\junit-platform-surefire-provider\1.3.2\junit-platform-surefire-provider-1.3.2.jar;C:\Users\jaque\.m2\repository\org\junit\platform\junit-platform-launcher\1.3.2\junit-platform-launcher-1.3.2.jar;C:\Users\jaque\.m2\repository\org\apache\maven\surefire\surefire-api\2.22.0\surefire-api-2.22.0.jar;C:\Users\jaque\.m2\repository\org\apache\maven\surefire\surefire-logger-api\2.22.0\surefire-logger-api-2.22.0.jar;C:\Users\jaque\.m2\repository\org\apache\maven\surefire\common-java5\2.22.0\common-java5-2.22.0.jar;C:\Users\jaque\.m2\repository\org\junit\jupiter\junit-jupiter-engine\5.8.2\junit-jupiter-engine-5.8.2.jar;"/>
    <property name="sun.cpu.endian" value="little"/>
    <property name="user.home" value="C:\Users\jaque"/>
    <property name="user.language" value="pt"/>
    <property name="java.specification.vendor" value="Oracle Corporation"/>
    <property name="java.version.date" value="2021-04-20"/>
    <property name="java.home" value="C:\Program Files\Java\zulu11.48.21-ca-jdk11.0.11-win_x64"/>
    <property name="file.separator" value="\"/>
    <property name="basedir" value="C:\Users\jaque\OneDrive\Documentos\Estudos\Workspace\Eclipse\banco.bajax"/>
    <property name="java.vm.compressedOopsMode" value="32-bit"/>
    <property name="line.separator" value="&#10;"/>
    <property name="java.specification.name" value="Java Platform API Specification"/>
    <property name="java.vm.specification.vendor" value="Oracle Corporation"/>
    <property name="jdk.vendor.version" value="Zulu11.48+21-CA"/>
    <property name="java.awt.graphicsenv" value="sun.awt.Win32GraphicsEnvironment"/>
    <property name="surefire.real.class.path" value="C:\Users\jaque\AppData\Local\Temp\surefire17315312803802892835\surefirebooter13299013939093852992.jar"/>
    <property name="user.script" value=""/>
    <property name="sun.management.compiler" value="HotSpot 64-Bit Tiered Compilers"/>
    <property name="java.runtime.version" value="11.0.11+9-LTS"/>
    <property name="user.name" value="jaque"/>
    <property name="path.separator" value=";"/>
    <property name="os.version" value="10.0"/>
    <property name="java.runtime.name" value="OpenJDK Runtime Environment"/>
    <property name="file.encoding" value="Cp1252"/>
    <property name="java.vm.name" value="OpenJDK 64-Bit Server VM"/>
    <property name="java.vendor.version" value="Zulu11.48+21-CA"/>
    <property name="localRepository" value="C:\Users\jaque\.m2\repository"/>
    <property name="java.vendor.url.bug" value="http://www.azulsystems.com/support/"/>
    <property name="java.io.tmpdir" value="C:\Users\jaque\AppData\Local\Temp\"/>
    <property name="java.version" value="11.0.11"/>
    <property name="user.dir" value="C:\Users\jaque\OneDrive\Documentos\Estudos\Workspace\Eclipse\banco.bajax"/>
    <property name="os.arch" value="amd64"/>
    <property name="java.vm.specification.name" value="Java Virtual Machine Specification"/>
    <property name="java.awt.printerjob" value="sun.awt.windows.WPrinterJob"/>
    <property name="sun.os.patch.level" value=""/>
    <property name="java.library.path" value="C:\Program Files\Java\zulu11.48.21-ca-jdk11.0.11-win_x64\bin;C:\WINDOWS\Sun\Java\bin;C:\WINDOWS\system32;C:\WINDOWS;C:/Program Files/Java/zulu11.48.21-ca-jdk11.0.11-win_x64/bin/server;C:/Program Files/Java/zulu11.48.21-ca-jdk11.0.11-win_x64/bin;C:\Program Files\Java\zulu11.48.21-ca-jdk11.0.11-win_x64\bin;C:\Program Files (x86)\Common Files\Oracle\Java\javapath;C:\WINDOWS\system32;C:\WINDOWS;C:\WINDOWS\System32\Wbem;C:\WINDOWS\System32\WindowsPowerShell\v1.0\;C:\WINDOWS\System32\OpenSSH\;C:\Program Files\Java\zulu11.48.21-ca-jdk11.0.11-win_x64\bin;C:\Program Files\MySQL\MySQL Server 5.5\bin;C:\Program Files\Java\jdk1.8.0_221\bin;C:\Program Files\dotnet\;C:\Users\jaque\AppData\Local\Programs\Python\Python310\Scripts\;C:\Users\jaque\AppData\Local\Programs\Python\Python310\;C:\Program Files\MySQL\MySQL Shell 8.0\bin\;C:\Ruby25-x64\bin;C:\Users\jaque\AppData\Local\Microsoft\WindowsApps;C:\Tools\Cmeder\vendor\git-for-windows\usr\bin;C:\Users\jaque\.dotnet\tools;C:\Users\jaque\AppData\Local\atom\bin;C:\Users\jaque\AppData\Local\Microsoft\WindowsApps;C:\Tools\Apache Maven\apache-maven-3.8.4-bin\apache-maven-3.8.4\bin;C:\Tools\Drivers\chromedriver.exe;;C:\Users\jaque\AppData\Local\Programs\Microsoft VS Code\bin;C:\Users\jaque\OneDrive\Área de Trabalho;;."/>
    <property name="java.vm.info" value="mixed mode"/>
    <property name="java.vendor" value="Azul Systems, Inc."/>
    <property name="java.vm.version" value="11.0.11+9-LTS"/>
    <property name="sun.io.unicode.encoding" value="UnicodeLittle"/>
    <property name="java.class.version" value="55.0"/>
  </properties>
  <testcase name="transfereValorIgualAZeroParaContaPoupancaCC" classname="br.com.jaque.banco.bajax.test.ContaTest" time="0"/>
  <testcase name="transfereValorIgualAZeroParaContaPoupancaCP" classname="br.com.jaque.banco.bajax.test.ContaTest" time="0"/>
  <testcase name="transfereComSucessoParaContaCorrenteCC" classname="br.com.jaque.banco.bajax.test.ContaTest" time="0"/>
  <testcase name="transfereComSucessoParaContaCorrenteCP" classname="br.com.jaque.banco.bajax.test.ContaTest" time="0"/>
  <testcase name="setChequeEspecialValorIgualAZeroCC" classname="br.com.jaque.banco.bajax.test.ContaTest" time="0"/>
  <testcase name="depositaValorIgualAZeroCC" classname="br.com.jaque.banco.bajax.test.ContaTest" time="0"/>
  <testcase name="depositaValorIgualAZeroCP" classname="br.com.jaque.banco.bajax.test.ContaTest" time="0"/>
  <testcase name="titularInativoCC" classname="br.com.jaque.banco.bajax.test.ContaTest" time="0"/>
  <testcase name="titularInativoCP" classname="br.com.jaque.banco.bajax.test.ContaTest" time="0"/>
  <testcase name="setChequeEspecialNuloCC" classname="br.com.jaque.banco.bajax.test.ContaTest" time="0"/>
  <testcase name="numeroIgualAZeroCC" classname="br.com.jaque.banco.bajax.test.ContaTest" time="0"/>
  <testcase name="numeroIgualAZeroCP" classname="br.com.jaque.banco.bajax.test.ContaTest" time="0"/>
  <testcase name="depositaValorNegativoCC" classname="br.com.jaque.banco.bajax.test.ContaTest" time="0"/>
  <testcase name="depositaValorNegativoCP" classname="br.com.jaque.banco.bajax.test.ContaTest" time="0"/>
  <testcase name="setLimiteTransferenciaValorNegativoCC" classname="br.com.jaque.banco.bajax.test.ContaTest" time="0"/>
  <testcase name="chequeEspecialNulo" classname="br.com.jaque.banco.bajax.test.ContaTest" time="0"/>
  <testcase name="sacaValorMaiorQueOChequeEspecial" classname="br.com.jaque.banco.bajax.test.ContaTest" time="0"/>
  <testcase name="limiteTransferenciaNulo" classname="br.com.jaque.banco.bajax.test.ContaTest" time="0"/>
  <testcase name="setLimiteTransferenciaValorIgualAZeroCC" classname="br.com.jaque.banco.bajax.test.ContaTest" time="0"/>
  <testcase name="limiteTransferenciaNegativo" classname="br.com.jaque.banco.bajax.test.ContaTest" time="0"/>
  <testcase name="limiteSaqueNulo" classname="br.com.jaque.banco.bajax.test.ContaTest" time="0"/>
  <testcase name="setLimiteTransferenciaNuloCC" classname="br.com.jaque.banco.bajax.test.ContaTest" time="0"/>
  <testcase name="limiteSaqueNuloCP" classname="br.com.jaque.banco.bajax.test.ContaTest" time="0"/>
  <testcase name="sacaComSucessoAtéOLimiteDeSaqueCC" classname="br.com.jaque.banco.bajax.test.ContaTest" time="0"/>
  <testcase name="sacaContaInativaCC" classname="br.com.jaque.banco.bajax.test.ContaTest" time="0"/>
  <testcase name="sacaContaInativaCP" classname="br.com.jaque.banco.bajax.test.ContaTest" time="0"/>
  <testcase name="depositaComSucessoCC" classname="br.com.jaque.banco.bajax.test.ContaTest" time="0"/>
  <testcase name="depositaComSucessoCP" classname="br.com.jaque.banco.bajax.test.ContaTest" time="0"/>
  <testcase name="transfereComSucessoParaContaPoupancaCC" classname="br.com.jaque.banco.bajax.test.ContaTest" time="0"/>
  <testcase name="transfereComSucessoParaContaPoupancaCP" classname="br.com.jaque.banco.bajax.test.ContaTest" time="0"/>
  <testcase name="setLimiteSaqueSucessoCC" classname="br.com.jaque.banco.bajax.test.ContaTest" time="0"/>
  <testcase name="numeroNegativoCC" classname="br.com.jaque.banco.bajax.test.ContaTest" time="0"/>
  <testcase name="numeroNegativoCP" classname="br.com.jaque.banco.bajax.test.ContaTest" time="0.001"/>
  <testcase name="transfereValorNegativoParaContaCorrenteCC" classname="br.com.jaque.banco.bajax.test.ContaTest" time="0"/>
  <testcase name="transfereValorNegativoParaContaCorrenteCP" classname="br.com.jaque.banco.bajax.test.ContaTest" time="0"/>
  <testcase name="setAtivaNuloCC" classname="br.com.jaque.banco.bajax.test.ContaTest" time="0"/>
  <testcase name="setAtivaNuloCP" classname="br.com.jaque.banco.bajax.test.ContaTest" time="0"/>
  <testcase name="transfereComSucessoAteOLimiteDeTransferenciaParaContaCorrenteCC" classname="br.com.jaque.banco.bajax.test.ContaTest" time="0.002"/>
  <testcase name="limiteSaqueIgualAZero" classname="br.com.jaque.banco.bajax.test.ContaTest" time="0"/>
  <testcase name="setLimiteSaqueNuloCC" classname="br.com.jaque.banco.bajax.test.ContaTest" time="0"/>
  <testcase name="seContaAtivaNuloCC" classname="br.com.jaque.banco.bajax.test.ContaTest" time="0"/>
  <testcase name="seContaAtivaNuloCP" classname="br.com.jaque.banco.bajax.test.ContaTest" time="0.001"/>
  <testcase name="transfereValorMaiorQueOSaldoParaContaCorrenteCC" classname="br.com.jaque.banco.bajax.test.ContaTest" time="0.001"/>
  <testcase name="transfereValorMaiorQueOSaldoParaContaCorrenteCP" classname="br.com.jaque.banco.bajax.test.ContaTest" time="0.001"/>
  <testcase name="transfereValorMaiorQueOLimiteTransferenciaCC" classname="br.com.jaque.banco.bajax.test.ContaTest" time="0"/>
  <testcase name="sacaValorMaiorQueOSaldoCP" classname="br.com.jaque.banco.bajax.test.ContaTest" time="0"/>
  <testcase name="transfereValorNegativoParaContaPoupancaCC" classname="br.com.jaque.banco.bajax.test.ContaTest" time="0"/>
  <testcase name="transfereValorNegativoParaContaPoupancaCP" classname="br.com.jaque.banco.bajax.test.ContaTest" time="0"/>
  <testcase name="transfereValorNuloParaContaCorrenteCC" classname="br.com.jaque.banco.bajax.test.ContaTest" time="0.001"/>
  <testcase name="transfereValorNuloParaContaCorrenteCP" classname="br.com.jaque.banco.bajax.test.ContaTest" time="0.001"/>
  <testcase name="transfereComSucessoAteOLimiteDeTransferenciaParaContaPoupancaCC" classname="br.com.jaque.banco.bajax.test.ContaTest" time="0.001"/>
  <testcase name="chequeEspecialIgualAZero" classname="br.com.jaque.banco.bajax.test.ContaTest" time="0.001"/>
  <testcase name="setChequeEspecialSucessoCC" classname="br.com.jaque.banco.bajax.test.ContaTest" time="0"/>
  <testcase name="sacaValorMaiorQueOLimiteDeSaque" classname="br.com.jaque.banco.bajax.test.ContaTest" time="0.001"/>
  <testcase name="setLimiteTransferenciaSucessoCC" classname="br.com.jaque.banco.bajax.test.ContaTest" time="0.001"/>
  <testcase name="limiteTransferenciaIgualAZero" classname="br.com.jaque.banco.bajax.test.ContaTest" time="0.002"/>
  <testcase name="sacaValorNegativoCC" classname="br.com.jaque.banco.bajax.test.ContaTest" time="0"/>
  <testcase name="sacaValorNegativoCP" classname="br.com.jaque.banco.bajax.test.ContaTest" time="0.001"/>
  <testcase name="transfereValorMaiorQueOSaldoParaContaPoupancaCC" classname="br.com.jaque.banco.bajax.test.ContaTest" time="0.002"/>
  <testcase name="transfereValorMaiorQueOSaldoParaContaPoupancaCP" classname="br.com.jaque.banco.bajax.test.ContaTest" time="0.001"/>
  <testcase name="agenciaNegativoCC" classname="br.com.jaque.banco.bajax.test.ContaTest" time="0"/>
  <testcase name="agenciaNegativoCP" classname="br.com.jaque.banco.bajax.test.ContaTest" time="0"/>
  <testcase name="setLimiteSaqueValorNegativoCC" classname="br.com.jaque.banco.bajax.test.ContaTest" time="0"/>
  <testcase name="transfereValorNuloParaContaPoupancaCC" classname="br.com.jaque.banco.bajax.test.ContaTest" time="0.001"/>
  <testcase name="transfereValorNuloParaContaPoupancaCP" classname="br.com.jaque.banco.bajax.test.ContaTest" time="0.004"/>
  <testcase name="criaContaAtivaComSucessoCC" classname="br.com.jaque.banco.bajax.test.ContaTest" time="0.003"/>
  <testcase name="criaContaAtivaComSucessoCP" classname="br.com.jaque.banco.bajax.test.ContaTest" time="0"/>
  <testcase name="depositaValorNuloCC" classname="br.com.jaque.banco.bajax.test.ContaTest" time="0.001"/>
  <testcase name="depositaValorNuloCP" classname="br.com.jaque.banco.bajax.test.ContaTest" time="0.001"/>
  <testcase name="depositaContaInativaCC" classname="br.com.jaque.banco.bajax.test.ContaTest" time="0.001"/>
  <testcase name="depositaContaInativaCP" classname="br.com.jaque.banco.bajax.test.ContaTest" time="0"/>
  <testcase name="agenciaIgualAZeroCC" classname="br.com.jaque.banco.bajax.test.ContaTest" time="0"/>
  <testcase name="agenciaIgualAZeroCP" classname="br.com.jaque.banco.bajax.test.ContaTest" time="0.001"/>
  <testcase name="transfereValorIgualAZeroParaContaCorrenteCC" classname="br.com.jaque.banco.bajax.test.ContaTest" time="0"/>
  <testcase name="transfereValorIgualAZeroParaContaCorrenteCP" classname="br.com.jaque.banco.bajax.test.ContaTest" time="0.001"/>
  <testcase name="titularNuloCC" classname="br.com.jaque.banco.bajax.test.ContaTest" time="0.001"/>
  <testcase name="titularNuloCP" classname="br.com.jaque.banco.bajax.test.ContaTest" time="0.001"/>
  <testcase name="sacaValorNuloCC" classname="br.com.jaque.banco.bajax.test.ContaTest" time="0"/>
  <testcase name="sacaValorNuloCP" classname="br.com.jaque.banco.bajax.test.ContaTest" time="0"/>
  <testcase name="sacaComSucessoCC" classname="br.com.jaque.banco.bajax.test.ContaTest" time="0"/>
  <testcase name="sacaComSucessoCP" classname="br.com.jaque.banco.bajax.test.ContaTest" time="0.001"/>
  <testcase name="criaContaInativaComSucessoCC" classname="br.com.jaque.banco.bajax.test.ContaTest" time="0.001"/>
  <testcase name="criaContaInativaComSucessoCP" classname="br.com.jaque.banco.bajax.test.ContaTest" time="0"/>
  <testcase name="limiteSaqueNegativo" classname="br.com.jaque.banco.bajax.test.ContaTest" time="0.001"/>
  <testcase name="chequeEspecialNegativo" classname="br.com.jaque.banco.bajax.test.ContaTest" time="0.001"/>
  <testcase name="sacaValorIguaAZeroCC" classname="br.com.jaque.banco.bajax.test.ContaTest" time="0"/>
  <testcase name="sacaValorIguaAZeroCP" classname="br.com.jaque.banco.bajax.test.ContaTest" time="0.001"/>
  <testcase name="setChequeEspecialValorNegativoCC" classname="br.com.jaque.banco.bajax.test.ContaTest" time="0.001"/>
  <testcase name="setLimiteSaqueValorIgualAZeroCC" classname="br.com.jaque.banco.bajax.test.ContaTest" time="0.001"/>
  <testcase name="transfereParaContaInativaCC" classname="br.com.jaque.banco.bajax.test.ContaTest" time="0.001"/>
  <testcase name="transfereParaContaInativaCP" classname="br.com.jaque.banco.bajax.test.ContaTest" time="0"/>
  <testcase name="transfereParaContaDestinoNulaCC" classname="br.com.jaque.banco.bajax.test.ContaTest" time="0"/>
  <testcase name="transfereParaContaDestinoNulaCP" classname="br.com.jaque.banco.bajax.test.ContaTest" time="0"/>
  <testcase name="transfereDeContaInativaCC" classname="br.com.jaque.banco.bajax.test.ContaTest" time="0"/>
  <testcase name="transfereDeContaInativaCP" classname="br.com.jaque.banco.bajax.test.ContaTest" time="0"/>
</testsuite>