<?xml version="1.0" encoding="UTF-8" ?>
<testsuite tests="36" failures="0" name="br.com.banco.bajax.runners.RunnerClienteTest" time="0.061" errors="18" skipped="18">
  <properties>
    <property name="java.runtime.name" value="OpenJDK Runtime Environment"/>
    <property name="java.vm.version" value="11.0.11+9-LTS"/>
    <property name="sun.boot.library.path" value="C:\Program Files\Java\zulu11.48.21-ca-jdk11.0.11-win_x64\bin"/>
    <property name="jdk.vendor.version" value="Zulu11.48+21-CA"/>
    <property name="maven.multiModuleProjectDirectory" value="C:\Users\jaque\OneDrive\Documentos\Estudos\Workspace\Eclipse\banco.bajax"/>
    <property name="java.vm.vendor" value="Azul Systems, Inc."/>
    <property name="java.vendor.url" value="http://www.azulsystems.com/"/>
    <property name="guice.disable.misplaced.annotation.check" value="true"/>
    <property name="path.separator" value=";"/>
    <property name="java.vm.name" value="OpenJDK 64-Bit Server VM"/>
    <property name="sun.os.patch.level" value=""/>
    <property name="user.script" value=""/>
    <property name="user.country" value="BR"/>
    <property name="sun.java.launcher" value="SUN_STANDARD"/>
    <property name="java.vm.specification.name" value="Java Virtual Machine Specification"/>
    <property name="user.dir" value="C:\Users\jaque\OneDrive\Documentos\Estudos\Workspace\Eclipse\banco.bajax"/>
    <property name="java.vm.compressedOopsMode" value="32-bit"/>
    <property name="java.runtime.version" value="11.0.11+9-LTS"/>
    <property name="java.awt.graphicsenv" value="sun.awt.Win32GraphicsEnvironment"/>
    <property name="os.arch" value="amd64"/>
    <property name="java.io.tmpdir" value="C:\Users\jaque\AppData\Local\Temp\"/>
    <property name="line.separator" value="
"/>
    <property name="java.vm.specification.vendor" value="Oracle Corporation"/>
    <property name="user.variant" value=""/>
    <property name="os.name" value="Windows 10"/>
    <property name="classworlds.conf" value="C:\Users\jaque\OneDrive\Documentos\Estudos\Workspace\Eclipse\.metadata\.plugins\org.eclipse.m2e.launching\launches\m2conf699159429514677077.tmp"/>
    <property name="sun.jnu.encoding" value="Cp1252"/>
    <property name="java.library.path" value="C:\Program Files\Java\zulu11.48.21-ca-jdk11.0.11-win_x64\bin;C:\WINDOWS\Sun\Java\bin;C:\WINDOWS\system32;C:\WINDOWS;C:/Program Files/Java/zulu11.48.21-ca-jdk11.0.11-win_x64/bin/server;C:/Program Files/Java/zulu11.48.21-ca-jdk11.0.11-win_x64/bin;C:\Program Files\Java\zulu11.48.21-ca-jdk11.0.11-win_x64\bin;C:\Program Files (x86)\Common Files\Oracle\Java\javapath;C:\WINDOWS\system32;C:\WINDOWS;C:\WINDOWS\System32\Wbem;C:\WINDOWS\System32\WindowsPowerShell\v1.0\;C:\WINDOWS\System32\OpenSSH\;C:\Program Files\Java\zulu11.48.21-ca-jdk11.0.11-win_x64\bin;C:\Program Files\MySQL\MySQL Server 5.5\bin;C:\Program Files\Java\jdk1.8.0_221\bin;C:\Program Files\dotnet\;C:\Users\jaque\AppData\Local\Programs\Python\Python310\Scripts\;C:\Users\jaque\AppData\Local\Programs\Python\Python310\;C:\Program Files\MySQL\MySQL Shell 8.0\bin\;C:\Ruby25-x64\bin;C:\Users\jaque\AppData\Local\Microsoft\WindowsApps;C:\Tools\Cmeder\vendor\git-for-windows\usr\bin;C:\Users\jaque\.dotnet\tools;C:\Users\jaque\AppData\Local\atom\bin;C:\Users\jaque\AppData\Local\Microsoft\WindowsApps;C:\Tools\Apache Maven\apache-maven-3.8.4-bin\apache-maven-3.8.4\bin;C:\Tools\Drivers\chromedriver.exe;;C:\Users\jaque\AppData\Local\Programs\Microsoft VS Code\bin;C:\Users\jaque\OneDrive\Área de Trabalho;;."/>
    <property name="jdk.debug" value="release"/>
    <property name="java.class.version" value="55.0"/>
    <property name="java.specification.name" value="Java Platform API Specification"/>
    <property name="sun.management.compiler" value="HotSpot 64-Bit Tiered Compilers"/>
    <property name="os.version" value="10.0"/>
    <property name="user.home" value="C:\Users\jaque"/>
    <property name="user.timezone" value="America/Sao_Paulo"/>
    <property name="java.awt.printerjob" value="sun.awt.windows.WPrinterJob"/>
    <property name="file.encoding" value="UTF-8"/>
    <property name="java.specification.version" value="11"/>
    <property name="user.name" value="jaque"/>
    <property name="java.class.path" value="C:\Users\jaque\.p2\pool\plugins\org.eclipse.m2e.maven.runtime_1.18.0.20210618-2246\jars\plexus-classworlds-2.6.0.jar"/>
    <property name="java.vm.specification.version" value="11"/>
    <property name="sun.arch.data.model" value="64"/>
    <property name="sun.java.command" value="org.codehaus.plexus.classworlds.launcher.Launcher -B install"/>
    <property name="java.home" value="C:\Program Files\Java\zulu11.48.21-ca-jdk11.0.11-win_x64"/>
    <property name="user.language" value="pt"/>
    <property name="java.specification.vendor" value="Oracle Corporation"/>
    <property name="awt.toolkit" value="sun.awt.windows.WToolkit"/>
    <property name="java.vm.info" value="mixed mode"/>
    <property name="java.version" value="11.0.11"/>
    <property name="java.vendor" value="Azul Systems, Inc."/>
    <property name="maven.home" value="C:\Users\jaque\OneDrive\Documentos\Estudos\Workspace\Eclipse\banco.bajax\EMBEDDED"/>
    <property name="file.separator" value="\"/>
    <property name="java.version.date" value="2021-04-20"/>
    <property name="java.vendor.url.bug" value="http://www.azulsystems.com/support/"/>
    <property name="sun.io.unicode.encoding" value="UnicodeLittle"/>
    <property name="sun.cpu.endian" value="little"/>
    <property name="java.vendor.version" value="Zulu11.48+21-CA"/>
    <property name="sun.desktop" value="windows"/>
    <property name="sun.cpu.isalist" value="amd64"/>
  </properties>
  <testcase classname="deve criar cliente com sucesso" name="que crio um cliente válido" time="0.037">
    <error message="The step &apos;que crio um cliente válido&apos; and 2 other step(s) are undefined.
You can implement these steps using the snippet(s) below:

@Dado(&quot;que crio um cliente válido&quot;)
public void queCrioUmClienteVálido() {
    // Write code here that turns the phrase above into concrete actions
    throw new io.cucumber.java.PendingException();
}
@Quando(&quot;imprimir o cliente&quot;)
public void imprimirOCliente() {
    // Write code here that turns the phrase above into concrete actions
    throw new io.cucumber.java.PendingException();
}
@Então(&quot;as informações sobre ele são exibidas&quot;)
public void asInformaçõesSobreEleSãoExibidas() {
    // Write code here that turns the phrase above into concrete actions
    throw new io.cucumber.java.PendingException();
}
" type="io.cucumber.junit.UndefinedStepException">io.cucumber.junit.UndefinedStepException: The step &apos;que crio um cliente válido&apos; and 2 other step(s) are undefined.
You can implement these steps using the snippet(s) below:

@Dado(&quot;que crio um cliente válido&quot;)
public void queCrioUmClienteVálido() {
    // Write code here that turns the phrase above into concrete actions
    throw new io.cucumber.java.PendingException();
}
@Quando(&quot;imprimir o cliente&quot;)
public void imprimirOCliente() {
    // Write code here that turns the phrase above into concrete actions
    throw new io.cucumber.java.PendingException();
}
@Então(&quot;as informações sobre ele são exibidas&quot;)
public void asInformaçõesSobreEleSãoExibidas() {
    // Write code here that turns the phrase above into concrete actions
    throw new io.cucumber.java.PendingException();
}

</error>
    <system-out>
Cenário: deve criar cliente com sucesso       # src/test/resources/features/cadastrar_cliente.feature:8
</system-out>
  </testcase>
  <testcase classname="deve criar cliente com sucesso" name="imprimir o cliente" time="0.001">
    <skipped/>
    <system-out>  Dado que crio um cliente válido
</system-out>
  </testcase>
  <testcase classname="deve criar cliente com sucesso" name="as informações sobre ele são exibidas" time="0">
    <skipped/>
    <system-out>  Quando imprimir o cliente
</system-out>
  </testcase>
  <testcase classname="deve criar cliente com sucesso" name="deve criar cliente com sucesso" time="0.004">
    <error message="The step &apos;que crio um cliente válido&apos; and 2 other step(s) are undefined.
You can implement these steps using the snippet(s) below:

@Dado(&quot;que crio um cliente válido&quot;)
public void queCrioUmClienteVálido() {
    // Write code here that turns the phrase above into concrete actions
    throw new io.cucumber.java.PendingException();
}
@Quando(&quot;imprimir o cliente&quot;)
public void imprimirOCliente() {
    // Write code here that turns the phrase above into concrete actions
    throw new io.cucumber.java.PendingException();
}
@Então(&quot;as informações sobre ele são exibidas&quot;)
public void asInformaçõesSobreEleSãoExibidas() {
    // Write code here that turns the phrase above into concrete actions
    throw new io.cucumber.java.PendingException();
}
" type="io.cucumber.junit.UndefinedStepException">io.cucumber.junit.UndefinedStepException: The step &apos;que crio um cliente válido&apos; and 2 other step(s) are undefined.
You can implement these steps using the snippet(s) below:

@Dado(&quot;que crio um cliente válido&quot;)
public void queCrioUmClienteVálido() {
    // Write code here that turns the phrase above into concrete actions
    throw new io.cucumber.java.PendingException();
}
@Quando(&quot;imprimir o cliente&quot;)
public void imprimirOCliente() {
    // Write code here that turns the phrase above into concrete actions
    throw new io.cucumber.java.PendingException();
}
@Então(&quot;as informações sobre ele são exibidas&quot;)
public void asInformaçõesSobreEleSãoExibidas() {
    // Write code here that turns the phrase above into concrete actions
    throw new io.cucumber.java.PendingException();
}

</error>
    <system-out>  Então as informações sobre ele são exibidas
</system-out>
  </testcase>
  <testcase classname="cliente inválido campos obrigatórios nulos #1" name="que desejo criar um cliente" time="0.002">
    <error message="The step &apos;que desejo criar um cliente&apos; and 2 other step(s) are undefined.
You can implement these steps using the snippet(s) below:

@Dado(&quot;que desejo criar um cliente&quot;)
public void queDesejoCriarUmCliente() {
    // Write code here that turns the phrase above into concrete actions
    throw new io.cucumber.java.PendingException();
}
@Quando(&quot;adiciono o {string} como nulo&quot;)
public void adicionoOComoNulo(String string) {
    // Write code here that turns the phrase above into concrete actions
    throw new io.cucumber.java.PendingException();
}
@Então(&quot;recebo a mensagem de erro {string}&quot;)
public void receboAMensagemDeErro(String string) {
    // Write code here that turns the phrase above into concrete actions
    throw new io.cucumber.java.PendingException();
}
" type="io.cucumber.junit.UndefinedStepException">io.cucumber.junit.UndefinedStepException: The step &apos;que desejo criar um cliente&apos; and 2 other step(s) are undefined.
You can implement these steps using the snippet(s) below:

@Dado(&quot;que desejo criar um cliente&quot;)
public void queDesejoCriarUmCliente() {
    // Write code here that turns the phrase above into concrete actions
    throw new io.cucumber.java.PendingException();
}
@Quando(&quot;adiciono o {string} como nulo&quot;)
public void adicionoOComoNulo(String string) {
    // Write code here that turns the phrase above into concrete actions
    throw new io.cucumber.java.PendingException();
}
@Então(&quot;recebo a mensagem de erro {string}&quot;)
public void receboAMensagemDeErro(String string) {
    // Write code here that turns the phrase above into concrete actions
    throw new io.cucumber.java.PendingException();
}

</error>
    <system-out>
Esquema do Cenário: cliente inválido campos obrigatórios nulos # src/test/resources/features/cadastrar_cliente.feature:20
</system-out>
  </testcase>
  <testcase classname="cliente inválido campos obrigatórios nulos #1" name="adiciono o &quot;nome&quot; como nulo" time="0">
    <skipped/>
    <system-out>  Dado que desejo criar um cliente
</system-out>
  </testcase>
  <testcase classname="cliente inválido campos obrigatórios nulos #1" name="recebo a mensagem de erro &quot;Dados inválidos!&quot;" time="0">
    <skipped/>
    <system-out>  Quando adiciono o &quot;nome&quot; como nulo
</system-out>
  </testcase>
  <testcase classname="cliente inválido campos obrigatórios nulos #1" name="cliente inválido campos obrigatórios nulos #1" time="0.002">
    <error message="The step &apos;que desejo criar um cliente&apos; and 2 other step(s) are undefined.
You can implement these steps using the snippet(s) below:

@Dado(&quot;que desejo criar um cliente&quot;)
public void queDesejoCriarUmCliente() {
    // Write code here that turns the phrase above into concrete actions
    throw new io.cucumber.java.PendingException();
}
@Quando(&quot;adiciono o {string} como nulo&quot;)
public void adicionoOComoNulo(String string) {
    // Write code here that turns the phrase above into concrete actions
    throw new io.cucumber.java.PendingException();
}
@Então(&quot;recebo a mensagem de erro {string}&quot;)
public void receboAMensagemDeErro(String string) {
    // Write code here that turns the phrase above into concrete actions
    throw new io.cucumber.java.PendingException();
}
" type="io.cucumber.junit.UndefinedStepException">io.cucumber.junit.UndefinedStepException: The step &apos;que desejo criar um cliente&apos; and 2 other step(s) are undefined.
You can implement these steps using the snippet(s) below:

@Dado(&quot;que desejo criar um cliente&quot;)
public void queDesejoCriarUmCliente() {
    // Write code here that turns the phrase above into concrete actions
    throw new io.cucumber.java.PendingException();
}
@Quando(&quot;adiciono o {string} como nulo&quot;)
public void adicionoOComoNulo(String string) {
    // Write code here that turns the phrase above into concrete actions
    throw new io.cucumber.java.PendingException();
}
@Então(&quot;recebo a mensagem de erro {string}&quot;)
public void receboAMensagemDeErro(String string) {
    // Write code here that turns the phrase above into concrete actions
    throw new io.cucumber.java.PendingException();
}

</error>
    <system-out>  Então recebo a mensagem de erro &quot;Dados inválidos!&quot;
</system-out>
  </testcase>
  <testcase classname="cliente inválido campos obrigatórios nulos #2" name="que desejo criar um cliente" time="0.001">
    <error message="The step &apos;que desejo criar um cliente&apos; and 2 other step(s) are undefined.
You can implement these steps using the snippet(s) below:

@Dado(&quot;que desejo criar um cliente&quot;)
public void queDesejoCriarUmCliente() {
    // Write code here that turns the phrase above into concrete actions
    throw new io.cucumber.java.PendingException();
}
@Quando(&quot;adiciono o {string} como nulo&quot;)
public void adicionoOComoNulo(String string) {
    // Write code here that turns the phrase above into concrete actions
    throw new io.cucumber.java.PendingException();
}
@Então(&quot;recebo a mensagem de erro {string}&quot;)
public void receboAMensagemDeErro(String string) {
    // Write code here that turns the phrase above into concrete actions
    throw new io.cucumber.java.PendingException();
}
" type="io.cucumber.junit.UndefinedStepException">io.cucumber.junit.UndefinedStepException: The step &apos;que desejo criar um cliente&apos; and 2 other step(s) are undefined.
You can implement these steps using the snippet(s) below:

@Dado(&quot;que desejo criar um cliente&quot;)
public void queDesejoCriarUmCliente() {
    // Write code here that turns the phrase above into concrete actions
    throw new io.cucumber.java.PendingException();
}
@Quando(&quot;adiciono o {string} como nulo&quot;)
public void adicionoOComoNulo(String string) {
    // Write code here that turns the phrase above into concrete actions
    throw new io.cucumber.java.PendingException();
}
@Então(&quot;recebo a mensagem de erro {string}&quot;)
public void receboAMensagemDeErro(String string) {
    // Write code here that turns the phrase above into concrete actions
    throw new io.cucumber.java.PendingException();
}

</error>
    <system-out>
Esquema do Cenário: cliente inválido campos obrigatórios nulos # src/test/resources/features/cadastrar_cliente.feature:21
</system-out>
  </testcase>
  <testcase classname="cliente inválido campos obrigatórios nulos #2" name="adiciono o &quot;email&quot; como nulo" time="0.001">
    <skipped/>
    <system-out>  Dado que desejo criar um cliente
</system-out>
  </testcase>
  <testcase classname="cliente inválido campos obrigatórios nulos #2" name="recebo a mensagem de erro &quot;Dados inválidos!&quot;" time="0">
    <skipped/>
    <system-out>  Quando adiciono o &quot;email&quot; como nulo
</system-out>
  </testcase>
  <testcase classname="cliente inválido campos obrigatórios nulos #2" name="cliente inválido campos obrigatórios nulos #2" time="0.002">
    <error message="The step &apos;que desejo criar um cliente&apos; and 2 other step(s) are undefined.
You can implement these steps using the snippet(s) below:

@Dado(&quot;que desejo criar um cliente&quot;)
public void queDesejoCriarUmCliente() {
    // Write code here that turns the phrase above into concrete actions
    throw new io.cucumber.java.PendingException();
}
@Quando(&quot;adiciono o {string} como nulo&quot;)
public void adicionoOComoNulo(String string) {
    // Write code here that turns the phrase above into concrete actions
    throw new io.cucumber.java.PendingException();
}
@Então(&quot;recebo a mensagem de erro {string}&quot;)
public void receboAMensagemDeErro(String string) {
    // Write code here that turns the phrase above into concrete actions
    throw new io.cucumber.java.PendingException();
}
" type="io.cucumber.junit.UndefinedStepException">io.cucumber.junit.UndefinedStepException: The step &apos;que desejo criar um cliente&apos; and 2 other step(s) are undefined.
You can implement these steps using the snippet(s) below:

@Dado(&quot;que desejo criar um cliente&quot;)
public void queDesejoCriarUmCliente() {
    // Write code here that turns the phrase above into concrete actions
    throw new io.cucumber.java.PendingException();
}
@Quando(&quot;adiciono o {string} como nulo&quot;)
public void adicionoOComoNulo(String string) {
    // Write code here that turns the phrase above into concrete actions
    throw new io.cucumber.java.PendingException();
}
@Então(&quot;recebo a mensagem de erro {string}&quot;)
public void receboAMensagemDeErro(String string) {
    // Write code here that turns the phrase above into concrete actions
    throw new io.cucumber.java.PendingException();
}

</error>
    <system-out>  Então recebo a mensagem de erro &quot;Dados inválidos!&quot;
</system-out>
  </testcase>
  <testcase classname="cliente inválido campos obrigatórios nulos #3" name="que desejo criar um cliente" time="0.002">
    <error message="The step &apos;que desejo criar um cliente&apos; and 2 other step(s) are undefined.
You can implement these steps using the snippet(s) below:

@Dado(&quot;que desejo criar um cliente&quot;)
public void queDesejoCriarUmCliente() {
    // Write code here that turns the phrase above into concrete actions
    throw new io.cucumber.java.PendingException();
}
@Quando(&quot;adiciono o {string} como nulo&quot;)
public void adicionoOComoNulo(String string) {
    // Write code here that turns the phrase above into concrete actions
    throw new io.cucumber.java.PendingException();
}
@Então(&quot;recebo a mensagem de erro {string}&quot;)
public void receboAMensagemDeErro(String string) {
    // Write code here that turns the phrase above into concrete actions
    throw new io.cucumber.java.PendingException();
}
" type="io.cucumber.junit.UndefinedStepException">io.cucumber.junit.UndefinedStepException: The step &apos;que desejo criar um cliente&apos; and 2 other step(s) are undefined.
You can implement these steps using the snippet(s) below:

@Dado(&quot;que desejo criar um cliente&quot;)
public void queDesejoCriarUmCliente() {
    // Write code here that turns the phrase above into concrete actions
    throw new io.cucumber.java.PendingException();
}
@Quando(&quot;adiciono o {string} como nulo&quot;)
public void adicionoOComoNulo(String string) {
    // Write code here that turns the phrase above into concrete actions
    throw new io.cucumber.java.PendingException();
}
@Então(&quot;recebo a mensagem de erro {string}&quot;)
public void receboAMensagemDeErro(String string) {
    // Write code here that turns the phrase above into concrete actions
    throw new io.cucumber.java.PendingException();
}

</error>
    <system-out>
Esquema do Cenário: cliente inválido campos obrigatórios nulos # src/test/resources/features/cadastrar_cliente.feature:22
</system-out>
  </testcase>
  <testcase classname="cliente inválido campos obrigatórios nulos #3" name="adiciono o &quot;cpf&quot; como nulo" time="0">
    <skipped/>
    <system-out>  Dado que desejo criar um cliente
</system-out>
  </testcase>
  <testcase classname="cliente inválido campos obrigatórios nulos #3" name="recebo a mensagem de erro &quot;Dados inválidos!&quot;" time="0">
    <skipped/>
    <system-out>  Quando adiciono o &quot;cpf&quot; como nulo
</system-out>
  </testcase>
  <testcase classname="cliente inválido campos obrigatórios nulos #3" name="cliente inválido campos obrigatórios nulos #3" time="0.001">
    <error message="The step &apos;que desejo criar um cliente&apos; and 2 other step(s) are undefined.
You can implement these steps using the snippet(s) below:

@Dado(&quot;que desejo criar um cliente&quot;)
public void queDesejoCriarUmCliente() {
    // Write code here that turns the phrase above into concrete actions
    throw new io.cucumber.java.PendingException();
}
@Quando(&quot;adiciono o {string} como nulo&quot;)
public void adicionoOComoNulo(String string) {
    // Write code here that turns the phrase above into concrete actions
    throw new io.cucumber.java.PendingException();
}
@Então(&quot;recebo a mensagem de erro {string}&quot;)
public void receboAMensagemDeErro(String string) {
    // Write code here that turns the phrase above into concrete actions
    throw new io.cucumber.java.PendingException();
}
" type="io.cucumber.junit.UndefinedStepException">io.cucumber.junit.UndefinedStepException: The step &apos;que desejo criar um cliente&apos; and 2 other step(s) are undefined.
You can implement these steps using the snippet(s) below:

@Dado(&quot;que desejo criar um cliente&quot;)
public void queDesejoCriarUmCliente() {
    // Write code here that turns the phrase above into concrete actions
    throw new io.cucumber.java.PendingException();
}
@Quando(&quot;adiciono o {string} como nulo&quot;)
public void adicionoOComoNulo(String string) {
    // Write code here that turns the phrase above into concrete actions
    throw new io.cucumber.java.PendingException();
}
@Então(&quot;recebo a mensagem de erro {string}&quot;)
public void receboAMensagemDeErro(String string) {
    // Write code here that turns the phrase above into concrete actions
    throw new io.cucumber.java.PendingException();
}

</error>
    <system-out>  Então recebo a mensagem de erro &quot;Dados inválidos!&quot;
</system-out>
  </testcase>
  <testcase classname="cliente inválido campos obrigatórios nulos #4" name="que desejo criar um cliente" time="0.001">
    <error message="The step &apos;que desejo criar um cliente&apos; and 2 other step(s) are undefined.
You can implement these steps using the snippet(s) below:

@Dado(&quot;que desejo criar um cliente&quot;)
public void queDesejoCriarUmCliente() {
    // Write code here that turns the phrase above into concrete actions
    throw new io.cucumber.java.PendingException();
}
@Quando(&quot;adiciono o {string} como nulo&quot;)
public void adicionoOComoNulo(String string) {
    // Write code here that turns the phrase above into concrete actions
    throw new io.cucumber.java.PendingException();
}
@Então(&quot;recebo a mensagem de erro {string}&quot;)
public void receboAMensagemDeErro(String string) {
    // Write code here that turns the phrase above into concrete actions
    throw new io.cucumber.java.PendingException();
}
" type="io.cucumber.junit.UndefinedStepException">io.cucumber.junit.UndefinedStepException: The step &apos;que desejo criar um cliente&apos; and 2 other step(s) are undefined.
You can implement these steps using the snippet(s) below:

@Dado(&quot;que desejo criar um cliente&quot;)
public void queDesejoCriarUmCliente() {
    // Write code here that turns the phrase above into concrete actions
    throw new io.cucumber.java.PendingException();
}
@Quando(&quot;adiciono o {string} como nulo&quot;)
public void adicionoOComoNulo(String string) {
    // Write code here that turns the phrase above into concrete actions
    throw new io.cucumber.java.PendingException();
}
@Então(&quot;recebo a mensagem de erro {string}&quot;)
public void receboAMensagemDeErro(String string) {
    // Write code here that turns the phrase above into concrete actions
    throw new io.cucumber.java.PendingException();
}

</error>
    <system-out>
Esquema do Cenário: cliente inválido campos obrigatórios nulos # src/test/resources/features/cadastrar_cliente.feature:23
</system-out>
  </testcase>
  <testcase classname="cliente inválido campos obrigatórios nulos #4" name="adiciono o &quot;ativo&quot; como nulo" time="0">
    <skipped/>
    <system-out>  Dado que desejo criar um cliente
</system-out>
  </testcase>
  <testcase classname="cliente inválido campos obrigatórios nulos #4" name="recebo a mensagem de erro &quot;Dados inválidos!&quot;" time="0">
    <skipped/>
    <system-out>  Quando adiciono o &quot;ativo&quot; como nulo
</system-out>
  </testcase>
  <testcase classname="cliente inválido campos obrigatórios nulos #4" name="cliente inválido campos obrigatórios nulos #4" time="0.002">
    <error message="The step &apos;que desejo criar um cliente&apos; and 2 other step(s) are undefined.
You can implement these steps using the snippet(s) below:

@Dado(&quot;que desejo criar um cliente&quot;)
public void queDesejoCriarUmCliente() {
    // Write code here that turns the phrase above into concrete actions
    throw new io.cucumber.java.PendingException();
}
@Quando(&quot;adiciono o {string} como nulo&quot;)
public void adicionoOComoNulo(String string) {
    // Write code here that turns the phrase above into concrete actions
    throw new io.cucumber.java.PendingException();
}
@Então(&quot;recebo a mensagem de erro {string}&quot;)
public void receboAMensagemDeErro(String string) {
    // Write code here that turns the phrase above into concrete actions
    throw new io.cucumber.java.PendingException();
}
" type="io.cucumber.junit.UndefinedStepException">io.cucumber.junit.UndefinedStepException: The step &apos;que desejo criar um cliente&apos; and 2 other step(s) are undefined.
You can implement these steps using the snippet(s) below:

@Dado(&quot;que desejo criar um cliente&quot;)
public void queDesejoCriarUmCliente() {
    // Write code here that turns the phrase above into concrete actions
    throw new io.cucumber.java.PendingException();
}
@Quando(&quot;adiciono o {string} como nulo&quot;)
public void adicionoOComoNulo(String string) {
    // Write code here that turns the phrase above into concrete actions
    throw new io.cucumber.java.PendingException();
}
@Então(&quot;recebo a mensagem de erro {string}&quot;)
public void receboAMensagemDeErro(String string) {
    // Write code here that turns the phrase above into concrete actions
    throw new io.cucumber.java.PendingException();
}

</error>
    <system-out>  Então recebo a mensagem de erro &quot;Dados inválidos!&quot;
</system-out>
  </testcase>
  <testcase classname="cliente inválido campos obrigatórios vazios" name="que desejo criar um cliente" time="0">
    <error message="The step &apos;que desejo criar um cliente&apos; and 2 other step(s) are undefined.
You can implement these steps using the snippet(s) below:

@Dado(&quot;que desejo criar um cliente&quot;)
public void queDesejoCriarUmCliente() {
    // Write code here that turns the phrase above into concrete actions
    throw new io.cucumber.java.PendingException();
}
@Quando(&quot;adiciono o campo vazio&quot;)
public void adicionoOCampoVazio() {
    // Write code here that turns the phrase above into concrete actions
    throw new io.cucumber.java.PendingException();
}
@Então(&quot;recebo a mensagem de erro&quot;)
public void receboAMensagemDeErro() {
    // Write code here that turns the phrase above into concrete actions
    throw new io.cucumber.java.PendingException();
}
" type="io.cucumber.junit.UndefinedStepException">io.cucumber.junit.UndefinedStepException: The step &apos;que desejo criar um cliente&apos; and 2 other step(s) are undefined.
You can implement these steps using the snippet(s) below:

@Dado(&quot;que desejo criar um cliente&quot;)
public void queDesejoCriarUmCliente() {
    // Write code here that turns the phrase above into concrete actions
    throw new io.cucumber.java.PendingException();
}
@Quando(&quot;adiciono o campo vazio&quot;)
public void adicionoOCampoVazio() {
    // Write code here that turns the phrase above into concrete actions
    throw new io.cucumber.java.PendingException();
}
@Então(&quot;recebo a mensagem de erro&quot;)
public void receboAMensagemDeErro() {
    // Write code here that turns the phrase above into concrete actions
    throw new io.cucumber.java.PendingException();
}

</error>
    <system-out>
Cenário: cliente inválido campos obrigatórios vazios # src/test/resources/features/cadastrar_cliente.feature:25
</system-out>
  </testcase>
  <testcase classname="cliente inválido campos obrigatórios vazios" name="adiciono o campo vazio" time="0">
    <skipped/>
    <system-out>  Dado que desejo criar um cliente
</system-out>
  </testcase>
  <testcase classname="cliente inválido campos obrigatórios vazios" name="recebo a mensagem de erro" time="0">
    <skipped/>
    <system-out>  Quando adiciono o campo vazio
</system-out>
  </testcase>
  <testcase classname="cliente inválido campos obrigatórios vazios" name="cliente inválido campos obrigatórios vazios" time="0.001">
    <error message="The step &apos;que desejo criar um cliente&apos; and 2 other step(s) are undefined.
You can implement these steps using the snippet(s) below:

@Dado(&quot;que desejo criar um cliente&quot;)
public void queDesejoCriarUmCliente() {
    // Write code here that turns the phrase above into concrete actions
    throw new io.cucumber.java.PendingException();
}
@Quando(&quot;adiciono o campo vazio&quot;)
public void adicionoOCampoVazio() {
    // Write code here that turns the phrase above into concrete actions
    throw new io.cucumber.java.PendingException();
}
@Então(&quot;recebo a mensagem de erro&quot;)
public void receboAMensagemDeErro() {
    // Write code here that turns the phrase above into concrete actions
    throw new io.cucumber.java.PendingException();
}
" type="io.cucumber.junit.UndefinedStepException">io.cucumber.junit.UndefinedStepException: The step &apos;que desejo criar um cliente&apos; and 2 other step(s) are undefined.
You can implement these steps using the snippet(s) below:

@Dado(&quot;que desejo criar um cliente&quot;)
public void queDesejoCriarUmCliente() {
    // Write code here that turns the phrase above into concrete actions
    throw new io.cucumber.java.PendingException();
}
@Quando(&quot;adiciono o campo vazio&quot;)
public void adicionoOCampoVazio() {
    // Write code here that turns the phrase above into concrete actions
    throw new io.cucumber.java.PendingException();
}
@Então(&quot;recebo a mensagem de erro&quot;)
public void receboAMensagemDeErro() {
    // Write code here that turns the phrase above into concrete actions
    throw new io.cucumber.java.PendingException();
}

</error>
    <system-out>  Então recebo a mensagem de erro
</system-out>
  </testcase>
  <testcase classname="cliente inválido campos obrigatórios no formato inválido" name="que desejo criar um cliente" time="0.001">
    <error message="The step &apos;que desejo criar um cliente&apos; and 2 other step(s) are undefined.
You can implement these steps using the snippet(s) below:

@Dado(&quot;que desejo criar um cliente&quot;)
public void queDesejoCriarUmCliente() {
    // Write code here that turns the phrase above into concrete actions
    throw new io.cucumber.java.PendingException();
}
@Quando(&quot;adiciono um campo no formato inválido&quot;)
public void adicionoUmCampoNoFormatoInválido() {
    // Write code here that turns the phrase above into concrete actions
    throw new io.cucumber.java.PendingException();
}
@Então(&quot;recebo a mensagem de erro&quot;)
public void receboAMensagemDeErro() {
    // Write code here that turns the phrase above into concrete actions
    throw new io.cucumber.java.PendingException();
}
" type="io.cucumber.junit.UndefinedStepException">io.cucumber.junit.UndefinedStepException: The step &apos;que desejo criar um cliente&apos; and 2 other step(s) are undefined.
You can implement these steps using the snippet(s) below:

@Dado(&quot;que desejo criar um cliente&quot;)
public void queDesejoCriarUmCliente() {
    // Write code here that turns the phrase above into concrete actions
    throw new io.cucumber.java.PendingException();
}
@Quando(&quot;adiciono um campo no formato inválido&quot;)
public void adicionoUmCampoNoFormatoInválido() {
    // Write code here that turns the phrase above into concrete actions
    throw new io.cucumber.java.PendingException();
}
@Então(&quot;recebo a mensagem de erro&quot;)
public void receboAMensagemDeErro() {
    // Write code here that turns the phrase above into concrete actions
    throw new io.cucumber.java.PendingException();
}

</error>
    <system-out>
Cenário: cliente inválido campos obrigatórios no formato inválido # src/test/resources/features/cadastrar_cliente.feature:30
</system-out>
  </testcase>
  <testcase classname="cliente inválido campos obrigatórios no formato inválido" name="adiciono um campo no formato inválido" time="0">
    <skipped/>
    <system-out>  Dado que desejo criar um cliente
</system-out>
  </testcase>
  <testcase classname="cliente inválido campos obrigatórios no formato inválido" name="recebo a mensagem de erro" time="0">
    <skipped/>
    <system-out>  Quando adiciono um campo no formato inválido
</system-out>
  </testcase>
  <testcase classname="cliente inválido campos obrigatórios no formato inválido" name="cliente inválido campos obrigatórios no formato inválido" time="0.001">
    <error message="The step &apos;que desejo criar um cliente&apos; and 2 other step(s) are undefined.
You can implement these steps using the snippet(s) below:

@Dado(&quot;que desejo criar um cliente&quot;)
public void queDesejoCriarUmCliente() {
    // Write code here that turns the phrase above into concrete actions
    throw new io.cucumber.java.PendingException();
}
@Quando(&quot;adiciono um campo no formato inválido&quot;)
public void adicionoUmCampoNoFormatoInválido() {
    // Write code here that turns the phrase above into concrete actions
    throw new io.cucumber.java.PendingException();
}
@Então(&quot;recebo a mensagem de erro&quot;)
public void receboAMensagemDeErro() {
    // Write code here that turns the phrase above into concrete actions
    throw new io.cucumber.java.PendingException();
}
" type="io.cucumber.junit.UndefinedStepException">io.cucumber.junit.UndefinedStepException: The step &apos;que desejo criar um cliente&apos; and 2 other step(s) are undefined.
You can implement these steps using the snippet(s) below:

@Dado(&quot;que desejo criar um cliente&quot;)
public void queDesejoCriarUmCliente() {
    // Write code here that turns the phrase above into concrete actions
    throw new io.cucumber.java.PendingException();
}
@Quando(&quot;adiciono um campo no formato inválido&quot;)
public void adicionoUmCampoNoFormatoInválido() {
    // Write code here that turns the phrase above into concrete actions
    throw new io.cucumber.java.PendingException();
}
@Então(&quot;recebo a mensagem de erro&quot;)
public void receboAMensagemDeErro() {
    // Write code here that turns the phrase above into concrete actions
    throw new io.cucumber.java.PendingException();
}

</error>
    <system-out>  Então recebo a mensagem de erro
</system-out>
  </testcase>
  <testcase classname="adicionar telefone no formato inválido" name="que tenho um cliente válido" time="0">
    <error message="The step &apos;que tenho um cliente válido&apos; and 2 other step(s) are undefined.
You can implement these steps using the snippet(s) below:

@Dado(&quot;que tenho um cliente válido&quot;)
public void queTenhoUmClienteVálido() {
    // Write code here that turns the phrase above into concrete actions
    throw new io.cucumber.java.PendingException();
}
@Quando(&quot;adiciono um telefone no formato inválido&quot;)
public void adicionoUmTelefoneNoFormatoInválido() {
    // Write code here that turns the phrase above into concrete actions
    throw new io.cucumber.java.PendingException();
}
@Então(&quot;recebo uma mensagem de erro&quot;)
public void receboUmaMensagemDeErro() {
    // Write code here that turns the phrase above into concrete actions
    throw new io.cucumber.java.PendingException();
}
" type="io.cucumber.junit.UndefinedStepException">io.cucumber.junit.UndefinedStepException: The step &apos;que tenho um cliente válido&apos; and 2 other step(s) are undefined.
You can implement these steps using the snippet(s) below:

@Dado(&quot;que tenho um cliente válido&quot;)
public void queTenhoUmClienteVálido() {
    // Write code here that turns the phrase above into concrete actions
    throw new io.cucumber.java.PendingException();
}
@Quando(&quot;adiciono um telefone no formato inválido&quot;)
public void adicionoUmTelefoneNoFormatoInválido() {
    // Write code here that turns the phrase above into concrete actions
    throw new io.cucumber.java.PendingException();
}
@Então(&quot;recebo uma mensagem de erro&quot;)
public void receboUmaMensagemDeErro() {
    // Write code here that turns the phrase above into concrete actions
    throw new io.cucumber.java.PendingException();
}

</error>
    <system-out>
Cenário: adicionar telefone no formato inválido   # src/test/resources/features/cadastrar_cliente.feature:35
</system-out>
  </testcase>
  <testcase classname="adicionar telefone no formato inválido" name="adiciono um telefone no formato inválido" time="0">
    <skipped/>
    <system-out>  Dado que tenho um cliente válido
</system-out>
  </testcase>
  <testcase classname="adicionar telefone no formato inválido" name="recebo uma mensagem de erro" time="0">
    <skipped/>
    <system-out>  Quando adiciono um telefone no formato inválido
</system-out>
  </testcase>
  <testcase classname="adicionar telefone no formato inválido" name="adicionar telefone no formato inválido" time="0">
    <error message="The step &apos;que tenho um cliente válido&apos; and 2 other step(s) are undefined.
You can implement these steps using the snippet(s) below:

@Dado(&quot;que tenho um cliente válido&quot;)
public void queTenhoUmClienteVálido() {
    // Write code here that turns the phrase above into concrete actions
    throw new io.cucumber.java.PendingException();
}
@Quando(&quot;adiciono um telefone no formato inválido&quot;)
public void adicionoUmTelefoneNoFormatoInválido() {
    // Write code here that turns the phrase above into concrete actions
    throw new io.cucumber.java.PendingException();
}
@Então(&quot;recebo uma mensagem de erro&quot;)
public void receboUmaMensagemDeErro() {
    // Write code here that turns the phrase above into concrete actions
    throw new io.cucumber.java.PendingException();
}
" type="io.cucumber.junit.UndefinedStepException">io.cucumber.junit.UndefinedStepException: The step &apos;que tenho um cliente válido&apos; and 2 other step(s) are undefined.
You can implement these steps using the snippet(s) below:

@Dado(&quot;que tenho um cliente válido&quot;)
public void queTenhoUmClienteVálido() {
    // Write code here that turns the phrase above into concrete actions
    throw new io.cucumber.java.PendingException();
}
@Quando(&quot;adiciono um telefone no formato inválido&quot;)
public void adicionoUmTelefoneNoFormatoInválido() {
    // Write code here that turns the phrase above into concrete actions
    throw new io.cucumber.java.PendingException();
}
@Então(&quot;recebo uma mensagem de erro&quot;)
public void receboUmaMensagemDeErro() {
    // Write code here that turns the phrase above into concrete actions
    throw new io.cucumber.java.PendingException();
}

</error>
    <system-out>  Então recebo uma mensagem de erro
</system-out>
  </testcase>
  <testcase classname="alterar campo ativo para nulo" name="que tenho um cliente válido" time="0.001">
    <error message="The step &apos;que tenho um cliente válido&apos; and 2 other step(s) are undefined.
You can implement these steps using the snippet(s) below:

@Dado(&quot;que tenho um cliente válido&quot;)
public void queTenhoUmClienteVálido() {
    // Write code here that turns the phrase above into concrete actions
    throw new io.cucumber.java.PendingException();
}
@Quando(&quot;tento alterar o campo ativo para nulo&quot;)
public void tentoAlterarOCampoAtivoParaNulo() {
    // Write code here that turns the phrase above into concrete actions
    throw new io.cucumber.java.PendingException();
}
@Então(&quot;recebo uma mensagem de erro&quot;)
public void receboUmaMensagemDeErro() {
    // Write code here that turns the phrase above into concrete actions
    throw new io.cucumber.java.PendingException();
}
" type="io.cucumber.junit.UndefinedStepException">io.cucumber.junit.UndefinedStepException: The step &apos;que tenho um cliente válido&apos; and 2 other step(s) are undefined.
You can implement these steps using the snippet(s) below:

@Dado(&quot;que tenho um cliente válido&quot;)
public void queTenhoUmClienteVálido() {
    // Write code here that turns the phrase above into concrete actions
    throw new io.cucumber.java.PendingException();
}
@Quando(&quot;tento alterar o campo ativo para nulo&quot;)
public void tentoAlterarOCampoAtivoParaNulo() {
    // Write code here that turns the phrase above into concrete actions
    throw new io.cucumber.java.PendingException();
}
@Então(&quot;recebo uma mensagem de erro&quot;)
public void receboUmaMensagemDeErro() {
    // Write code here that turns the phrase above into concrete actions
    throw new io.cucumber.java.PendingException();
}

</error>
    <system-out>
Cenário: alterar campo ativo para nulo         # src/test/resources/features/cadastrar_cliente.feature:40
</system-out>
  </testcase>
  <testcase classname="alterar campo ativo para nulo" name="tento alterar o campo ativo para nulo" time="0">
    <skipped/>
    <system-out>  Dado que tenho um cliente válido
</system-out>
  </testcase>
  <testcase classname="alterar campo ativo para nulo" name="recebo uma mensagem de erro" time="0">
    <skipped/>
    <system-out>  Quando tento alterar o campo ativo para nulo
</system-out>
  </testcase>
  <testcase classname="alterar campo ativo para nulo" name="alterar campo ativo para nulo" time="0.001">
    <error message="The step &apos;que tenho um cliente válido&apos; and 2 other step(s) are undefined.
You can implement these steps using the snippet(s) below:

@Dado(&quot;que tenho um cliente válido&quot;)
public void queTenhoUmClienteVálido() {
    // Write code here that turns the phrase above into concrete actions
    throw new io.cucumber.java.PendingException();
}
@Quando(&quot;tento alterar o campo ativo para nulo&quot;)
public void tentoAlterarOCampoAtivoParaNulo() {
    // Write code here that turns the phrase above into concrete actions
    throw new io.cucumber.java.PendingException();
}
@Então(&quot;recebo uma mensagem de erro&quot;)
public void receboUmaMensagemDeErro() {
    // Write code here that turns the phrase above into concrete actions
    throw new io.cucumber.java.PendingException();
}
" type="io.cucumber.junit.UndefinedStepException">io.cucumber.junit.UndefinedStepException: The step &apos;que tenho um cliente válido&apos; and 2 other step(s) are undefined.
You can implement these steps using the snippet(s) below:

@Dado(&quot;que tenho um cliente válido&quot;)
public void queTenhoUmClienteVálido() {
    // Write code here that turns the phrase above into concrete actions
    throw new io.cucumber.java.PendingException();
}
@Quando(&quot;tento alterar o campo ativo para nulo&quot;)
public void tentoAlterarOCampoAtivoParaNulo() {
    // Write code here that turns the phrase above into concrete actions
    throw new io.cucumber.java.PendingException();
}
@Então(&quot;recebo uma mensagem de erro&quot;)
public void receboUmaMensagemDeErro() {
    // Write code here that turns the phrase above into concrete actions
    throw new io.cucumber.java.PendingException();
}

</error>
    <system-out>  Então recebo uma mensagem de erro
</system-out>
  </testcase>
</testsuite>